This is pdfTeX, Version 3.14159265-2.6-1.40.21 (TeX Live 2020) (preloaded format=pdflatex 2020.10.30)  15 MAY 2021 23:18
entering extended mode
 restricted \write18 enabled.
 %&-line parsing enabled.
**projeto
(./projeto.tex
LaTeX2e <2020-02-02> patch level 5
L3 programming layer <2020-03-06>
(/usr/local/texlive/2020/texmf-dist/tex/latex/base/article.cls
Document Class: article 2019/12/20 v1.4l Standard LaTeX document class
(/usr/local/texlive/2020/texmf-dist/tex/latex/base/size12.clo
File: size12.clo 2019/12/20 v1.4l Standard LaTeX file (size option)
)
\c@part=\count167
\c@section=\count168
\c@subsection=\count169
\c@subsubsection=\count170
\c@paragraph=\count171
\c@subparagraph=\count172
\c@figure=\count173
\c@table=\count174
\abovecaptionskip=\skip47
\belowcaptionskip=\skip48
\bibindent=\dimen134
)
(/usr/local/texlive/2020/texmf-dist/tex/latex/base/inputenc.sty
Package: inputenc 2018/08/11 v1.3c Input encoding file
\inpenc@prehook=\toks15
\inpenc@posthook=\toks16
)
(/usr/local/texlive/2020/texmf-dist/tex/generic/babel/babel.sty
Package: babel 2020/03/22 3.42 The Babel package

(/usr/local/texlive/2020/texmf-dist/tex/generic/babel/switch.def
File: switch.def 2020/03/22 3.42 Babel switching mechanism
)
(/usr/local/texlive/2020/texmf-dist/tex/generic/babel-portuges/portuges.ldf
Language: portuges 2008/03/18 v1.2q Portuguese support from the babel system

(/usr/local/texlive/2020/texmf-dist/tex/generic/babel/babel.def
File: babel.def 2020/03/22 3.42 Babel common definitions
\babel@savecnt=\count175
\U@D=\dimen135

(/usr/local/texlive/2020/texmf-dist/tex/generic/babel/txtbabel.def)
\bbl@readstream=\read2
\bbl@dirlevel=\count176
)
Package babel Info: \l@brazil = using hyphenrules for portuguese
(babel)             (\language69) on input line 113.
Package babel Info: Making " an active character on input line 145.
))
(/usr/local/texlive/2020/texmf-dist/tex/latex/floatflt/floatflt.sty
Package: floatflt 1997/07/16 v. 1.31
\c@OptionTest=\count177
\figbox=\box45
\tabbox=\box46
\pagebox=\box47
\ffigcount=\count178
\ftabcount=\count179
\fftest=\count180
\hangcount=\count181
\nosuccesstryfig=\count182
\nosuccesstrytab=\count183
\figgutter=\dimen136
\tabgutter=\dimen137
\htdone=\dimen138
\pageht=\dimen139
\startpageht=\dimen140
\tabbredd=\dimen141
\floatfltwidth=\dimen142
\fltitemwidth=\dimen143
\outputpretest=\toks17
)
(/usr/local/texlive/2020/texmf-dist/tex/latex/graphics/epsfig.sty
Package: epsfig 2017/06/25 v1.7b (e)psfig emulation (SPQR)

(/usr/local/texlive/2020/texmf-dist/tex/latex/graphics/graphicx.sty
Package: graphicx 2019/11/30 v1.2a Enhanced LaTeX Graphics (DPC,SPQR)

(/usr/local/texlive/2020/texmf-dist/tex/latex/graphics/keyval.sty
Package: keyval 2014/10/28 v1.15 key=value parser (DPC)
\KV@toks@=\toks18
)
(/usr/local/texlive/2020/texmf-dist/tex/latex/graphics/graphics.sty
Package: graphics 2019/11/30 v1.4a Standard LaTeX Graphics (DPC,SPQR)

(/usr/local/texlive/2020/texmf-dist/tex/latex/graphics/trig.sty
Package: trig 2016/01/03 v1.10 sin cos tan (DPC)
)
(/usr/local/texlive/2020/texmf-dist/tex/latex/graphics-cfg/graphics.cfg
File: graphics.cfg 2016/06/04 v1.11 sample graphics configuration
)
Package graphics Info: Driver file: pdftex.def on input line 105.

(/usr/local/texlive/2020/texmf-dist/tex/latex/graphics-def/pdftex.def
File: pdftex.def 2018/01/08 v1.0l Graphics/color driver for pdftex
))
\Gin@req@height=\dimen144
\Gin@req@width=\dimen145
)
\epsfxsize=\dimen146
\epsfysize=\dimen147
)
(/usr/local/texlive/2020/texmf-dist/tex/generic/epsf/epsf.sty
This is `epsf.tex' v2.7.4 <14 February 2011>
\epsffilein=\read3
\epsfframemargin=\dimen148
\epsfframethickness=\dimen149
\epsfrsize=\dimen150
\epsftmp=\dimen151
\epsftsize=\dimen152
\epsfxsize=\dimen153
\epsfysize=\dimen154
\pspoints=\dimen155
) (/usr/local/texlive/2020/texmf-dist/tex/latex/xcolor/xcolor.sty
Package: xcolor 2016/05/11 v2.12 LaTeX color extensions (UK)

(/usr/local/texlive/2020/texmf-dist/tex/latex/graphics-cfg/color.cfg
File: color.cfg 2016/01/02 v1.6 sample color configuration
)
Package xcolor Info: Driver file: pdftex.def on input line 225.
Package xcolor Info: Model `cmy' substituted by `cmy0' on input line 1348.
Package xcolor Info: Model `hsb' substituted by `rgb' on input line 1352.
Package xcolor Info: Model `RGB' extended on input line 1364.
Package xcolor Info: Model `HTML' substituted by `rgb' on input line 1366.
Package xcolor Info: Model `Hsb' substituted by `hsb' on input line 1367.
Package xcolor Info: Model `tHsb' substituted by `hsb' on input line 1368.
Package xcolor Info: Model `HSB' substituted by `hsb' on input line 1369.
Package xcolor Info: Model `Gray' substituted by `gray' on input line 1370.
Package xcolor Info: Model `wave' substituted by `hsb' on input line 1371.

(/usr/local/texlive/2020/texmf-dist/tex/latex/graphics/dvipsnam.def
File: dvipsnam.def 2016/06/17 v3.0m Driver-dependent file (DPC,SPQR)
))
\c@defini=\count184
\c@prob=\count185

(/usr/local/texlive/2020/texmf-dist/tex/latex/l3backend/l3backend-pdfmode.def
File: l3backend-pdfmode.def 2020-03-12 L3 backend support: PDF mode
\l__kernel_color_stack_int=\count186
\l__pdf_internal_box=\box48
)
(./projeto.aux)
\openout1 = `projeto.aux'.

LaTeX Font Info:    Checking defaults for OML/cmm/m/it on input line 31.
LaTeX Font Info:    ... okay on input line 31.
LaTeX Font Info:    Checking defaults for OMS/cmsy/m/n on input line 31.
LaTeX Font Info:    ... okay on input line 31.
LaTeX Font Info:    Checking defaults for OT1/cmr/m/n on input line 31.
LaTeX Font Info:    ... okay on input line 31.
LaTeX Font Info:    Checking defaults for T1/cmr/m/n on input line 31.
LaTeX Font Info:    ... okay on input line 31.
LaTeX Font Info:    Checking defaults for TS1/cmr/m/n on input line 31.
LaTeX Font Info:    ... okay on input line 31.
LaTeX Font Info:    Checking defaults for OMX/cmex/m/n on input line 31.
LaTeX Font Info:    ... okay on input line 31.
LaTeX Font Info:    Checking defaults for U/cmr/m/n on input line 31.
LaTeX Font Info:    ... okay on input line 31.

(/usr/local/texlive/2020/texmf-dist/tex/context/base/mkii/supp-pdf.mkii
[Loading MPS to PDF converter (version 2006.09.02).]
\scratchcounter=\count187
\scratchdimen=\dimen156
\scratchbox=\box49
\nofMPsegments=\count188
\nofMParguments=\count189
\everyMPshowfont=\toks19
\MPscratchCnt=\count190
\MPscratchDim=\dimen157
\MPnumerator=\count191
\makeMPintoPDFobject=\count192
\everyMPtoPDFconversion=\toks20
) (/usr/local/texlive/2020/texmf-dist/tex/latex/epstopdf-pkg/epstopdf-base.sty
Package: epstopdf-base 2020-01-24 v2.11 Base part for package epstopdf

(/usr/local/texlive/2020/texmf-dist/tex/generic/infwarerr/infwarerr.sty
Package: infwarerr 2019/12/03 v1.5 Providing info/warning/error messages (HO)
)
(/usr/local/texlive/2020/texmf-dist/tex/latex/grfext/grfext.sty
Package: grfext 2019/12/03 v1.3 Manage graphics extensions (HO)

(/usr/local/texlive/2020/texmf-dist/tex/generic/kvdefinekeys/kvdefinekeys.sty
Package: kvdefinekeys 2019-12-19 v1.6 Define keys (HO)
)) (/usr/local/texlive/2020/texmf-dist/tex/latex/kvoptions/kvoptions.sty
Package: kvoptions 2019/11/29 v3.13 Key value format for package options (HO)

(/usr/local/texlive/2020/texmf-dist/tex/generic/ltxcmds/ltxcmds.sty
Package: ltxcmds 2019/12/15 v1.24 LaTeX kernel commands for general use (HO)
)
(/usr/local/texlive/2020/texmf-dist/tex/generic/kvsetkeys/kvsetkeys.sty
Package: kvsetkeys 2019/12/15 v1.18 Key value parser (HO)
))
(/usr/local/texlive/2020/texmf-dist/tex/latex/pdftexcmds/pdftexcmds.sty
Package: pdftexcmds 2019/11/24 v0.31 Utility functions of pdfTeX for LuaTeX (HO
)

(/usr/local/texlive/2020/texmf-dist/tex/generic/iftex/iftex.sty
Package: iftex 2020/03/06 v1.0d TeX engine tests
)
Package pdftexcmds Info: \pdf@primitive is available.
Package pdftexcmds Info: \pdf@ifprimitive is available.
Package pdftexcmds Info: \pdfdraftmode found.
)
Package epstopdf-base Info: Redefining graphics rule for `.eps' on input line 4
85.
Package grfext Info: Graphics extension search list:
(grfext)             [.pdf,.png,.jpg,.mps,.jpeg,.jbig2,.jb2,.PDF,.PNG,.JPG,.JPE
G,.JBIG2,.JB2,.eps]
(grfext)             \AppendGraphicsExtensions on input line 504.

(/usr/local/texlive/2020/texmf-dist/tex/latex/latexconfig/epstopdf-sys.cfg
File: epstopdf-sys.cfg 2010/07/13 v1.3 Configuration of (r)epstopdf for TeX Liv
e
))
LaTeX Font Info:    External font `cmex10' loaded for size
(Font)              <12> on input line 68.
LaTeX Font Info:    External font `cmex10' loaded for size
(Font)              <8> on input line 68.
LaTeX Font Info:    External font `cmex10' loaded for size
(Font)              <6> on input line 68.

[1

{/usr/local/texlive/2020/texmf-var/fonts/map/pdftex/updmap/pdftex.map}]
[2] [3]

LaTeX Warning: Citation `CarvalhoCDGFFFMPSW01' on page 4 undefined on input lin
e 216.


LaTeX Warning: Citation `Vazirani01' on page 4 undefined on input line 218.


LaTeX Warning: Citation `Gusfield97' on page 4 undefined on input line 223.


LaTeX Warning: Citation `SetubalM97' on page 4 undefined on input line 223.


LaTeX Warning: Citation `Vazirani01' on page 4 undefined on input line 223.


LaTeX Warning: Citation `BlumJLTY94' on page 4 undefined on input line 228.


LaTeX Warning: Citation `Li90' on page 4 undefined on input line 228.


LaTeX Warning: Citation `Turner89' on page 4 undefined on input line 228.


LaTeX Warning: Citation `Gusfield97' on page 4 undefined on input line 231.


LaTeX Warning: Citation `SetubalM97' on page 4 undefined on input line 231.


LaTeX Warning: Citation `Vazirani01' on page 4 undefined on input line 231.


LaTeX Warning: Citation `BlumJLTY94' on page 4 undefined on input line 234.


LaTeX Warning: Citation `BlumJLTY94' on page 4 undefined on input line 237.


LaTeX Warning: Citation `BlumJLTY94' on page 4 undefined on input line 239.


LaTeX Warning: Citation `Turner89' on page 4 undefined on input line 240.

[4]

LaTeX Warning: Citation `BlumJLTY94' on page 5 undefined on input line 245.


LaTeX Warning: Citation `Turner89' on page 5 undefined on input line 246.


LaTeX Warning: Citation `BlumJLTY94' on page 5 undefined on input line 254.


LaTeX Warning: Citation `GallantMS80' on page 5 undefined on input line 254.


LaTeX Warning: Citation `Vassilevska05' on page 5 undefined on input line 254.


LaTeX Warning: Citation `ArmenS95a' on page 5 undefined on input line 258.


LaTeX Warning: Citation `ArmenS98' on page 5 undefined on input line 258.


LaTeX Warning: Citation `Bongartz01' on page 5 undefined on input line 258.


LaTeX Warning: Citation `CzumajGPR97' on page 5 undefined on input line 258.


LaTeX Warning: Citation `KosarajuPS94' on page 5 undefined on input line 258.


LaTeX Warning: Citation `Sweedyk00' on page 5 undefined on input line 258.


LaTeX Warning: Citation `TengY97' on page 5 undefined on input line 258.


LaTeX Warning: Citation `ArmenS95' on page 5 undefined on input line 260.


LaTeX Warning: Citation `KaplanS05' on page 5 undefined on input line 260.


LaTeX Warning: Citation `WeinardS06' on page 5 undefined on input line 260.

[5]

LaTeX Warning: Citation `Gusfield97' on page 6 undefined on input line 328.


LaTeX Warning: Citation `SetubalM97' on page 6 undefined on input line 328.


LaTeX Warning: Citation `Vazirani01' on page 6 undefined on input line 328.


LaTeX Warning: Citation `BlumJLTY94' on page 6 undefined on input line 328.


LaTeX Warning: Citation `Li90' on page 6 undefined on input line 328.


LaTeX Warning: Citation `Turner89' on page 6 undefined on input line 328.


LaTeX Warning: Citation `GallantMS80' on page 6 undefined on input line 335.


LaTeX Warning: Citation `BlumJLTY94' on page 6 undefined on input line 335.


LaTeX Warning: Citation `Vassilevska05' on page 6 undefined on input line 335.


LaTeX Warning: Citation `ArmenS95a' on page 6 undefined on input line 342.


LaTeX Warning: Citation `ArmenS98' on page 6 undefined on input line 342.


LaTeX Warning: Citation `Bongartz01' on page 6 undefined on input line 342.


LaTeX Warning: Citation `CzumajGPR97' on page 6 undefined on input line 342.


LaTeX Warning: Citation `KosarajuPS94' on page 6 undefined on input line 342.


LaTeX Warning: Citation `Li90' on page 6 undefined on input line 342.


LaTeX Warning: Citation `Sweedyk00' on page 6 undefined on input line 342.


LaTeX Warning: Citation `ArmenS95' on page 6 undefined on input line 342.


LaTeX Warning: Citation `KaplanS05' on page 6 undefined on input line 342.


LaTeX Warning: Citation `WeinardS06' on page 6 undefined on input line 342.

[6] (./projeto.bbl [7]) [8] (./projeto.aux)

LaTeX Warning: There were undefined references.

 ) 
Here is how much of TeX's memory you used:
 3060 strings out of 480608
 44070 string characters out of 5903629
 314779 words of memory out of 5000000
 18911 multiletter control sequences out of 15000+600000
 538526 words of font info for 44 fonts, out of 8000000 for 9000
 1141 hyphenation exceptions out of 8191
 38i,8n,37p,226b,213s stack positions out of 5000i,500n,10000p,200000b,80000s
{/usr/local/texlive/2020/texmf-dist/fonts/enc/dvips/cm-super/cm-super-ts1.enc
}</usr/local/texlive/2020/texmf-dist/fonts/type1/public/amsfonts/cm/cmbx10.pfb>
</usr/local/texlive/2020/texmf-dist/fonts/type1/public/amsfonts/cm/cmbx12.pfb><
/usr/local/texlive/2020/texmf-dist/fonts/type1/public/amsfonts/cm/cmcsc10.pfb><
/usr/local/texlive/2020/texmf-dist/fonts/type1/public/amsfonts/cm/cmmi12.pfb></
usr/local/texlive/2020/texmf-dist/fonts/type1/public/amsfonts/cm/cmr10.pfb></us
r/local/texlive/2020/texmf-dist/fonts/type1/public/amsfonts/cm/cmr12.pfb></usr/
local/texlive/2020/texmf-dist/fonts/type1/public/amsfonts/cm/cmsy10.pfb></usr/l
ocal/texlive/2020/texmf-dist/fonts/type1/public/amsfonts/cm/cmti12.pfb></usr/lo
cal/texlive/2020/texmf-dist/fonts/type1/public/cm-super/sfrm1200.pfb>
Output written on projeto.pdf (8 pages, 132228 bytes).
PDF statistics:
 68 PDF objects out of 1000 (max. 8388607)
 48 compressed objects within 1 object stream
 0 named destinations out of 1000 (max. 500000)
 1 words of extra memory for PDF output out of 10000 (max. 10000000)

